<?xml version="1.0" encoding="UTF-8"?>
<!-- Generated by org.testng.reporters.JUnitXMLReporter -->
<testsuite hostname="tarique-OptiPlex-3060" ignored="0" name="Test" tests="6" failures="1" timestamp="22 Nov 2020 14:30:47 GMT" time="31.158" errors="0">
  <testcase name="googleTitleTest" time="0.003" classname="com.practise.DemoTest"/>
  <testcase name="imgDispTest" time="0.05" classname="com.practise.Suite"/>
  <testcase name="logo" time="0.001" classname="com.practise.DemoTest"/>
  <testcase name="titleTest" time="0.008" classname="com.practise.Suite">
    <failure type="java.lang.AssertionError" message="expected [CRMPRO - CRM software for customer relationship management, sales, and support.] but found [CRMPRO  CRM software for customer relationship management, sales, and support.]">
      <![CDATA[java.lang.AssertionError: expected [CRMPRO - CRM software for customer relationship management, sales, and support.] but found [CRMPRO  CRM software for customer relationship management, sales, and support.]
at com.practise.Suite.titleTest(Suite.java:42)
... Removed 31 stack frames]]>
    </failure>
  </testcase> <!-- titleTest -->
  <testcase name="search" time="0.0" classname="com.practise.DemoTest"/>
  <testcase name="loginTest" time="8.207" classname="com.practise.Suite"/>
</testsuite> <!-- Test -->
